<?xml version="1.0" encoding="UTF-8"?>
<!-- Generated by org.testng.reporters.JUnitXMLReporter -->
<testsuite ignored="0" hostname="DESKTOP-TU09IES" failures="0" tests="3" name="LoginTests" time="18.849" errors="0" timestamp="20 May 2026 17:03:32 GMT">
  <testcase classname="tests.LoginTest" name="testLogin" time="1.133"/>
  <testcase classname="tests.LoginTest" name="testLogin" time="0.776"/>
  <testcase classname="tests.LoginTest" name="testLogin" time="0.862"/>
</testsuite> <!-- LoginTests -->
