<?xml version="1.0" encoding="UTF-8"?>
<!-- Generated by org.testng.reporters.JUnitXMLReporter -->
<testsuite ignored="0" hostname="DESKTOP-TU09IES" failures="0" tests="3" name="LoginTests" time="73.948" errors="0" timestamp="17 May 2026 12:00:18 GMT">
  <testcase classname="tests.LoginTest" name="testLogin" time="1.778"/>
  <testcase classname="tests.LoginTest" name="testLogin" time="16.873"/>
  <testcase classname="tests.LoginTest" name="testLogin" time="1.764"/>
</testsuite> <!-- LoginTests -->
