<?xml version="1.0" encoding="UTF-8"?>
<testng-results ignored="0" total="3" passed="3" failed="0" skipped="0">
  <reporter-output>
  </reporter-output>
  <suite started-at="2026-05-20T17:03:13Z" name="SeleniumExcelSuite" finished-at="2026-05-20T17:03:32Z" duration-ms="18849">
    <groups>
    </groups>
    <test started-at="2026-05-20T17:03:13Z" name="LoginTests" finished-at="2026-05-20T17:03:32Z" duration-ms="18849">
      <class name="tests.LoginTest">
        <test-method is-config="true" signature="setUp()[pri:0, instance:tests.LoginTest@6f204a1a]" started-at="2026-05-20T17:03:14Z" name="setUp" finished-at="2026-05-20T17:03:18Z" duration-ms="4652" status="PASS">
          <reporter-output>
          </reporter-output>
        </test-method> <!-- setUp -->
        <test-method signature="testLogin(java.lang.String, java.lang.String)[pri:0, instance:tests.LoginTest@6f204a1a]" started-at="2026-05-20T17:03:18Z" name="testLogin" data-provider="LoginData" finished-at="2026-05-20T17:03:19Z" duration-ms="1133" status="PASS">
          <params>
            <param index="0">
              <value>
                <![CDATA[Admin]]>
              </value>
            </param>
            <param index="1">
              <value>
                <![CDATA[admin123]]>
              </value>
            </param>
          </params>
          <reporter-output>
          </reporter-output>
        </test-method> <!-- testLogin -->
        <test-method is-config="true" signature="tearDown()[pri:0, instance:tests.LoginTest@6f204a1a]" started-at="2026-05-20T17:03:19Z" name="tearDown" finished-at="2026-05-20T17:03:20Z" duration-ms="168" status="PASS">
          <reporter-output>
          </reporter-output>
        </test-method> <!-- tearDown -->
        <test-method is-config="true" signature="setUp()[pri:0, instance:tests.LoginTest@6f204a1a]" started-at="2026-05-20T17:03:20Z" name="setUp" finished-at="2026-05-20T17:03:24Z" duration-ms="4107" status="PASS">
          <reporter-output>
          </reporter-output>
        </test-method> <!-- setUp -->
        <test-method signature="testLogin(java.lang.String, java.lang.String)[pri:0, instance:tests.LoginTest@6f204a1a]" started-at="2026-05-20T17:03:24Z" name="testLogin" data-provider="LoginData" finished-at="2026-05-20T17:03:25Z" duration-ms="776" status="PASS">
          <params>
            <param index="0">
              <value>
                <![CDATA[user1]]>
              </value>
            </param>
            <param index="1">
              <value>
                <![CDATA[pass1]]>
              </value>
            </param>
          </params>
          <reporter-output>
          </reporter-output>
        </test-method> <!-- testLogin -->
        <test-method is-config="true" signature="tearDown()[pri:0, instance:tests.LoginTest@6f204a1a]" started-at="2026-05-20T17:03:25Z" name="tearDown" finished-at="2026-05-20T17:03:25Z" duration-ms="133" status="PASS">
          <reporter-output>
          </reporter-output>
        </test-method> <!-- tearDown -->
        <test-method is-config="true" signature="setUp()[pri:0, instance:tests.LoginTest@6f204a1a]" started-at="2026-05-20T17:03:25Z" name="setUp" finished-at="2026-05-20T17:03:31Z" duration-ms="6097" status="PASS">
          <reporter-output>
          </reporter-output>
        </test-method> <!-- setUp -->
        <test-method signature="testLogin(java.lang.String, java.lang.String)[pri:0, instance:tests.LoginTest@6f204a1a]" started-at="2026-05-20T17:03:31Z" name="testLogin" data-provider="LoginData" finished-at="2026-05-20T17:03:32Z" duration-ms="862" status="PASS">
          <params>
            <param index="0">
              <value>
                <![CDATA[user2]]>
              </value>
            </param>
            <param index="1">
              <value>
                <![CDATA[pass2]]>
              </value>
            </param>
          </params>
          <reporter-output>
          </reporter-output>
        </test-method> <!-- testLogin -->
        <test-method is-config="true" signature="tearDown()[pri:0, instance:tests.LoginTest@6f204a1a]" started-at="2026-05-20T17:03:32Z" name="tearDown" finished-at="2026-05-20T17:03:32Z" duration-ms="149" status="PASS">
          <reporter-output>
          </reporter-output>
        </test-method> <!-- tearDown -->
      </class> <!-- tests.LoginTest -->
    </test> <!-- LoginTests -->
  </suite> <!-- SeleniumExcelSuite -->
</testng-results>
