<?xml version="1.0" encoding="UTF-8"?>
<testng-results ignored="0" total="3" passed="3" failed="0" skipped="0">
  <reporter-output>
  </reporter-output>
  <suite started-at="2026-05-20T17:14:08Z" name="SeleniumExcelSuite" finished-at="2026-05-20T17:14:33Z" duration-ms="25006">
    <groups>
    </groups>
    <test started-at="2026-05-20T17:14:08Z" name="LoginTests" finished-at="2026-05-20T17:14:33Z" duration-ms="25006">
      <class name="tests.LoginTest">
        <test-method is-config="true" signature="setUp()[pri:0, instance:tests.LoginTest@7d3e8655]" started-at="2026-05-20T17:14:09Z" name="setUp" finished-at="2026-05-20T17:14:16Z" duration-ms="7065" status="PASS">
          <reporter-output>
          </reporter-output>
        </test-method> <!-- setUp -->
        <test-method signature="testLogin(java.lang.String, java.lang.String)[pri:0, instance:tests.LoginTest@7d3e8655]" started-at="2026-05-20T17:14:16Z" name="testLogin" data-provider="LoginData" finished-at="2026-05-20T17:14:17Z" duration-ms="1237" status="PASS">
          <params>
            <param index="0">
              <value>
                <![CDATA[Admin]]>
              </value>
            </param>
            <param index="1">
              <value>
                <![CDATA[admin123]]>
              </value>
            </param>
          </params>
          <reporter-output>
          </reporter-output>
        </test-method> <!-- testLogin -->
        <test-method is-config="true" signature="tearDown()[pri:0, instance:tests.LoginTest@7d3e8655]" started-at="2026-05-20T17:14:17Z" name="tearDown" finished-at="2026-05-20T17:14:18Z" duration-ms="172" status="PASS">
          <reporter-output>
          </reporter-output>
        </test-method> <!-- tearDown -->
        <test-method is-config="true" signature="setUp()[pri:0, instance:tests.LoginTest@7d3e8655]" started-at="2026-05-20T17:14:18Z" name="setUp" finished-at="2026-05-20T17:14:25Z" duration-ms="7171" status="PASS">
          <reporter-output>
          </reporter-output>
        </test-method> <!-- setUp -->
        <test-method signature="testLogin(java.lang.String, java.lang.String)[pri:0, instance:tests.LoginTest@7d3e8655]" started-at="2026-05-20T17:14:25Z" name="testLogin" data-provider="LoginData" finished-at="2026-05-20T17:14:26Z" duration-ms="1190" status="PASS">
          <params>
            <param index="0">
              <value>
                <![CDATA[user1]]>
              </value>
            </param>
            <param index="1">
              <value>
                <![CDATA[pass1]]>
              </value>
            </param>
          </params>
          <reporter-output>
          </reporter-output>
        </test-method> <!-- testLogin -->
        <test-method is-config="true" signature="tearDown()[pri:0, instance:tests.LoginTest@7d3e8655]" started-at="2026-05-20T17:14:26Z" name="tearDown" finished-at="2026-05-20T17:14:26Z" duration-ms="474" status="PASS">
          <reporter-output>
          </reporter-output>
        </test-method> <!-- tearDown -->
        <test-method is-config="true" signature="setUp()[pri:0, instance:tests.LoginTest@7d3e8655]" started-at="2026-05-20T17:14:26Z" name="setUp" finished-at="2026-05-20T17:14:32Z" duration-ms="5371" status="PASS">
          <reporter-output>
          </reporter-output>
        </test-method> <!-- setUp -->
        <test-method signature="testLogin(java.lang.String, java.lang.String)[pri:0, instance:tests.LoginTest@7d3e8655]" started-at="2026-05-20T17:14:32Z" name="testLogin" data-provider="LoginData" finished-at="2026-05-20T17:14:33Z" duration-ms="872" status="PASS">
          <params>
            <param index="0">
              <value>
                <![CDATA[user2]]>
              </value>
            </param>
            <param index="1">
              <value>
                <![CDATA[pass2]]>
              </value>
            </param>
          </params>
          <reporter-output>
          </reporter-output>
        </test-method> <!-- testLogin -->
        <test-method is-config="true" signature="tearDown()[pri:0, instance:tests.LoginTest@7d3e8655]" started-at="2026-05-20T17:14:33Z" name="tearDown" finished-at="2026-05-20T17:14:33Z" duration-ms="138" status="PASS">
          <reporter-output>
          </reporter-output>
        </test-method> <!-- tearDown -->
      </class> <!-- tests.LoginTest -->
    </test> <!-- LoginTests -->
  </suite> <!-- SeleniumExcelSuite -->
</testng-results>
