<?xml version="1.0" encoding="UTF-8"?>
<!-- Generated by org.testng.reporters.JUnitReportReporter -->
<testsuite hostname="DESKTOP-TU09IES" failures="0" tests="3" name="tests.LoginTest" time="73.102" errors="0" timestamp="17 May 2026 12:00:18 GMT" skipped="0">
  <testcase classname="tests.LoginTest" name="testLogin" time="21.051"/>
  <testcase classname="tests.LoginTest" name="testLogin" time="31.469"/>
  <testcase classname="tests.LoginTest" name="testLogin" time="20.582"/>
</testsuite> <!-- tests.LoginTest -->
