<?xml version="1.0" encoding="UTF-8"?>
<!-- Generated by org.testng.reporters.JUnitReportReporter -->
<testsuite hostname="DESKTOP-TU09IES" failures="0" tests="3" name="tests.LoginTest" time="18.077" errors="0" timestamp="20 May 2026 17:03:32 GMT" skipped="0">
  <testcase classname="tests.LoginTest" name="testLogin" time="5.373"/>
  <testcase classname="tests.LoginTest" name="testLogin" time="7.127"/>
  <testcase classname="tests.LoginTest" name="testLogin" time="5.577"/>
</testsuite> <!-- tests.LoginTest -->
